Determining if the pthread_create exist failed with the following output:
Change Dir: /home/de3robotics/Desktop/DE3Robotics/build/CMakeFiles/CMakeTmp

Run Build Command:"/usr/bin/make" "cmTC_c49ca/fast"
/usr/bin/make -f CMakeFiles/cmTC_c49ca.dir/build.make CMakeFiles/cmTC_c49ca.dir/build
make[1]: Entering directory '/home/de3robotics/Desktop/DE3Robotics/build/CMakeFiles/CMakeTmp'
Building C object CMakeFiles/cmTC_c49ca.dir/CheckSymbolExists.c.o
/usr/bin/cc     -o CMakeFiles/cmTC_c49ca.dir/CheckSymbolExists.c.o   -c /home/de3robotics/Desktop/DE3Robotics/build/CMakeFiles/CMakeTmp/CheckSymbolExists.c
Linking C executable cmTC_c49ca
/usr/bin/cmake -E cmake_link_script CMakeFiles/cmTC_c49ca.dir/link.txt --verbose=1
/usr/bin/cc       CMakeFiles/cmTC_c49ca.dir/CheckSymbolExists.c.o  -o cmTC_c49ca -rdynamic 
CMakeFiles/cmTC_c49ca.dir/CheckSymbolExists.c.o: In function `main':
CheckSymbolExists.c:(.text+0x16): undefined reference to `pthread_create'
collect2: error: ld returned 1 exit status
CMakeFiles/cmTC_c49ca.dir/build.make:97: recipe for target 'cmTC_c49ca' failed
make[1]: *** [cmTC_c49ca] Error 1
make[1]: Leaving directory '/home/de3robotics/Desktop/DE3Robotics/build/CMakeFiles/CMakeTmp'
Makefile:126: recipe for target 'cmTC_c49ca/fast' failed
make: *** [cmTC_c49ca/fast] Error 2

File /home/de3robotics/Desktop/DE3Robotics/build/CMakeFiles/CMakeTmp/CheckSymbolExists.c:
/* */
#include <pthread.h>

int main(int argc, char** argv)
{
  (void)argv;
#ifndef pthread_create
  return ((int*)(&pthread_create))[argc];
#else
  (void)argc;
  return 0;
#endif
}

Determining if the function pthread_create exists in the pthreads failed with the following output:
Change Dir: /home/de3robotics/Desktop/DE3Robotics/build/CMakeFiles/CMakeTmp

Run Build Command:"/usr/bin/make" "cmTC_fa43c/fast"
/usr/bin/make -f CMakeFiles/cmTC_fa43c.dir/build.make CMakeFiles/cmTC_fa43c.dir/build
make[1]: Entering directory '/home/de3robotics/Desktop/DE3Robotics/build/CMakeFiles/CMakeTmp'
Building C object CMakeFiles/cmTC_fa43c.dir/CheckFunctionExists.c.o
/usr/bin/cc    -DCHECK_FUNCTION_EXISTS=pthread_create   -o CMakeFiles/cmTC_fa43c.dir/CheckFunctionExists.c.o   -c /usr/share/cmake-3.5/Modules/CheckFunctionExists.c
Linking C executable cmTC_fa43c
/usr/bin/cmake -E cmake_link_script CMakeFiles/cmTC_fa43c.dir/link.txt --verbose=1
/usr/bin/cc   -DCHECK_FUNCTION_EXISTS=pthread_create    CMakeFiles/cmTC_fa43c.dir/CheckFunctionExists.c.o  -o cmTC_fa43c -rdynamic -lpthreads 
/usr/bin/ld: cannot find -lpthreads
collect2: error: ld returned 1 exit status
CMakeFiles/cmTC_fa43c.dir/build.make:97: recipe for target 'cmTC_fa43c' failed
make[1]: *** [cmTC_fa43c] Error 1
make[1]: Leaving directory '/home/de3robotics/Desktop/DE3Robotics/build/CMakeFiles/CMakeTmp'
Makefile:126: recipe for target 'cmTC_fa43c/fast' failed
make: *** [cmTC_fa43c/fast] Error 2


Performing C SOURCE FILE Test CMAKE_HAVE_LIBC_PTHREAD failed with the following output:
Change Dir: /home/de3robotics/Desktop/DE3Robotics/build/CMakeFiles/CMakeTmp

Run Build Command(s):/usr/bin/make cmTC_b1ee0/fast && /usr/bin/make -f CMakeFiles/cmTC_b1ee0.dir/build.make CMakeFiles/cmTC_b1ee0.dir/build
make[1]: Entering directory '/home/de3robotics/Desktop/DE3Robotics/build/CMakeFiles/CMakeTmp'
Building C object CMakeFiles/cmTC_b1ee0.dir/src.c.o
/usr/bin/cc   -DCMAKE_HAVE_LIBC_PTHREAD   -o CMakeFiles/cmTC_b1ee0.dir/src.c.o   -c /home/de3robotics/Desktop/DE3Robotics/build/CMakeFiles/CMakeTmp/src.c
Linking C executable cmTC_b1ee0
/usr/bin/cmake -E cmake_link_script CMakeFiles/cmTC_b1ee0.dir/link.txt --verbose=1
/usr/bin/cc  -DCMAKE_HAVE_LIBC_PTHREAD    -rdynamic CMakeFiles/cmTC_b1ee0.dir/src.c.o  -o cmTC_b1ee0 
/usr/bin/ld: CMakeFiles/cmTC_b1ee0.dir/src.c.o: in function `main':
src.c:(.text+0x48): undefined reference to `pthread_create'
/usr/bin/ld: src.c:(.text+0x50): undefined reference to `pthread_detach'
/usr/bin/ld: src.c:(.text+0x5c): undefined reference to `pthread_join'
collect2: error: ld returned 1 exit status
make[1]: *** [CMakeFiles/cmTC_b1ee0.dir/build.make:87: cmTC_b1ee0] Error 1
make[1]: Leaving directory '/home/de3robotics/Desktop/DE3Robotics/build/CMakeFiles/CMakeTmp'
make: *** [Makefile:121: cmTC_b1ee0/fast] Error 2


Source file was:
#include <pthread.h>

void* test_func(void* data)
{
  return data;
}

int main(void)
{
  pthread_t thread;
  pthread_create(&thread, NULL, test_func, NULL);
  pthread_detach(thread);
  pthread_join(thread, NULL);
  pthread_atfork(NULL, NULL, NULL);
  pthread_exit(NULL);

  return 0;
}

Determining if the function pthread_create exists in the pthreads failed with the following output:
Change Dir: /home/de3robotics/Desktop/DE3Robotics/build/CMakeFiles/CMakeTmp

Run Build Command(s):/usr/bin/make cmTC_814a3/fast && /usr/bin/make -f CMakeFiles/cmTC_814a3.dir/build.make CMakeFiles/cmTC_814a3.dir/build
make[1]: Entering directory '/home/de3robotics/Desktop/DE3Robotics/build/CMakeFiles/CMakeTmp'
Building C object CMakeFiles/cmTC_814a3.dir/CheckFunctionExists.c.o
/usr/bin/cc   -DCHECK_FUNCTION_EXISTS=pthread_create   -o CMakeFiles/cmTC_814a3.dir/CheckFunctionExists.c.o   -c /usr/share/cmake-3.16/Modules/CheckFunctionExists.c
Linking C executable cmTC_814a3
/usr/bin/cmake -E cmake_link_script CMakeFiles/cmTC_814a3.dir/link.txt --verbose=1
/usr/bin/cc  -DCHECK_FUNCTION_EXISTS=pthread_create    -rdynamic CMakeFiles/cmTC_814a3.dir/CheckFunctionExists.c.o  -o cmTC_814a3  -lpthreads 
/usr/bin/ld: cannot find -lpthreads
collect2: error: ld returned 1 exit status
make[1]: *** [CMakeFiles/cmTC_814a3.dir/build.make:87: cmTC_814a3] Error 1
make[1]: Leaving directory '/home/de3robotics/Desktop/DE3Robotics/build/CMakeFiles/CMakeTmp'
make: *** [Makefile:121: cmTC_814a3/fast] Error 2



